2023-04-18 20:49:43 INFO  Log:16 - **********
2023-04-18 20:49:43 INFO  Log:17 - **********
2023-04-18 20:49:43 INFO  Log:18 - *********This is the beginning of my Test Case********
2023-04-18 20:49:43 INFO  Log:28 - My test case is executing right now
2023-04-18 20:49:43 INFO  Log:31 - My test case might have some trivial issues
2023-04-18 20:49:59 INFO  Log:28 - This test case is about to get completed
2023-04-18 20:49:59 INFO  Log:22 - ########
2023-04-18 20:49:59 INFO  Log:23 - ##########
2023-04-18 20:49:59 INFO  Log:24 - ###########This test case is finished##########
2023-04-18 21:55:57 INFO  Log:16 - **********
2023-04-18 21:55:57 INFO  Log:17 - **********
2023-04-18 21:55:57 INFO  Log:18 - *********This is the beginning of my Test Case********
2023-04-18 21:55:57 INFO  Log:28 - My test case is executing right now
2023-04-18 21:55:57 INFO  Log:31 - My test case might have some trivial issues
2023-04-18 21:56:23 INFO  Log:28 - This test case is about to get completed
2023-04-18 21:56:23 INFO  Log:22 - ########
2023-04-18 21:56:23 INFO  Log:23 - ##########
2023-04-18 21:56:23 INFO  Log:24 - ###########This test case is finished##########
2023-04-29 13:05:12 INFO  Log:16 - **********
2023-04-29 13:05:12 INFO  Log:17 - **********
2023-04-29 13:05:12 INFO  Log:18 - *********This is the beginning of my Test Case********
2023-04-29 13:05:12 INFO  Log:28 - My test case is executing right now
2023-04-29 13:05:12 INFO  Log:31 - My test case might have some trivial issues
2023-04-29 13:05:20 INFO  Log:28 - This test case is about to get completed
2023-04-29 13:05:20 INFO  Log:22 - ########
2023-04-29 13:05:20 INFO  Log:23 - ##########
2023-04-29 13:05:20 INFO  Log:24 - ###########This test case is finished##########
2023-04-29 14:13:56 INFO  Log:16 - **********
2023-04-29 14:13:56 INFO  Log:17 - **********
2023-04-29 14:13:56 INFO  Log:18 - *********This is the beginning of my Test Case********
2023-04-29 14:13:56 INFO  Log:28 - My test case is executing right now
2023-04-29 14:13:56 INFO  Log:31 - My test case might have some trivial issues
2023-04-29 14:13:56 INFO  Log:28 - This test case is about to get completed
2023-04-29 14:13:56 INFO  Log:22 - ########
2023-04-29 14:13:56 INFO  Log:23 - ##########
2023-04-29 14:13:56 INFO  Log:24 - ###########This test case is finished##########
2023-04-29 14:20:34 INFO  Log:16 - **********
2023-04-29 14:20:34 INFO  Log:17 - **********
2023-04-29 14:20:34 INFO  Log:18 - *********This is the beginning of my Test Case********
2023-04-29 14:20:34 INFO  Log:28 - My test case is executing right now
2023-04-29 14:20:34 INFO  Log:31 - My test case might have some trivial issues
2023-04-29 14:20:35 INFO  Log:28 - This test case is about to get completed
2023-04-29 14:20:35 INFO  Log:22 - ########
2023-04-29 14:20:35 INFO  Log:23 - ##########
2023-04-29 14:20:35 INFO  Log:24 - ###########This test case is finished##########
2023-04-29 14:21:08 INFO  Log:16 - **********
2023-04-29 14:21:08 INFO  Log:17 - **********
2023-04-29 14:21:08 INFO  Log:18 - *********This is the beginning of my Test Case********
2023-04-29 14:21:08 INFO  Log:28 - My test case is executing right now
2023-04-29 14:21:08 INFO  Log:31 - My test case might have some trivial issues
2023-04-29 14:21:08 INFO  Log:28 - This test case is about to get completed
2023-04-29 14:21:08 INFO  Log:22 - ########
2023-04-29 14:21:08 INFO  Log:23 - ##########
2023-04-29 14:21:08 INFO  Log:24 - ###########This test case is finished##########
2023-04-29 14:22:07 INFO  Log:16 - **********
2023-04-29 14:22:07 INFO  Log:17 - **********
2023-04-29 14:22:07 INFO  Log:18 - *********This is the beginning of my Test Case********
2023-04-29 14:22:07 INFO  Log:28 - My test case is executing right now
2023-04-29 14:22:07 INFO  Log:31 - My test case might have some trivial issues
2023-04-29 14:22:08 INFO  Log:28 - This test case is about to get completed
2023-04-29 14:22:08 INFO  Log:22 - ########
2023-04-29 14:22:08 INFO  Log:23 - ##########
2023-04-29 14:22:08 INFO  Log:24 - ###########This test case is finished##########
2023-04-29 14:28:37 INFO  Log:16 - **********
2023-04-29 14:28:37 INFO  Log:17 - **********
2023-04-29 14:28:37 INFO  Log:18 - *********This is the beginning of my Test Case********
2023-04-29 14:28:37 INFO  Log:28 - My test case is executing right now
2023-04-29 14:28:37 INFO  Log:31 - My test case might have some trivial issues
2023-04-29 14:28:38 INFO  Log:28 - This test case is about to get completed
2023-04-29 14:28:38 INFO  Log:22 - ########
2023-04-29 14:28:38 INFO  Log:23 - ##########
2023-04-29 14:28:38 INFO  Log:24 - ###########This test case is finished##########
2023-04-29 14:32:39 INFO  Log:16 - **********
2023-04-29 14:32:39 INFO  Log:17 - **********
2023-04-29 14:32:39 INFO  Log:18 - *********This is the beginning of my Test Case********
2023-04-29 14:32:39 INFO  Log:28 - My test case is executing right now
2023-04-29 14:32:39 INFO  Log:31 - My test case might have some trivial issues
2023-04-29 14:32:40 INFO  Log:28 - This test case is about to get completed
2023-04-29 14:32:40 INFO  Log:22 - ########
2023-04-29 14:32:40 INFO  Log:23 - ##########
2023-04-29 14:32:40 INFO  Log:24 - ###########This test case is finished##########
2023-04-29 14:33:16 INFO  Log:16 - **********
2023-04-29 14:33:16 INFO  Log:17 - **********
2023-04-29 14:33:16 INFO  Log:18 - *********This is the beginning of my Test Case********
2023-04-29 14:33:16 INFO  Log:28 - My test case is executing right now
2023-04-29 14:33:16 INFO  Log:31 - My test case might have some trivial issues
2023-04-29 14:33:17 INFO  Log:28 - This test case is about to get completed
2023-04-29 14:33:17 INFO  Log:22 - ########
2023-04-29 14:33:17 INFO  Log:23 - ##########
2023-04-29 14:33:17 INFO  Log:24 - ###########This test case is finished##########
2023-04-29 14:37:45 INFO  Log:16 - **********
2023-04-29 14:37:45 INFO  Log:17 - **********
2023-04-29 14:37:45 INFO  Log:18 - *********This is the beginning of my Test Case********
2023-04-29 14:37:45 INFO  Log:28 - My test case is executing right now
2023-04-29 14:37:45 INFO  Log:31 - My test case might have some trivial issues
2023-04-29 14:37:48 INFO  Log:28 - This test case is about to get completed
2023-04-29 14:37:48 INFO  Log:22 - ########
2023-04-29 14:37:48 INFO  Log:23 - ##########
2023-04-29 14:37:48 INFO  Log:24 - ###########This test case is finished##########
2023-04-29 14:38:41 INFO  Log:16 - **********
2023-04-29 14:38:41 INFO  Log:17 - **********
2023-04-29 14:38:41 INFO  Log:18 - *********This is the beginning of my Test Case********
2023-04-29 14:38:41 INFO  Log:28 - My test case is executing right now
2023-04-29 14:38:41 INFO  Log:31 - My test case might have some trivial issues
2023-04-29 14:38:43 INFO  Log:28 - This test case is about to get completed
2023-04-29 14:38:43 INFO  Log:22 - ########
2023-04-29 14:38:43 INFO  Log:23 - ##########
2023-04-29 14:38:43 INFO  Log:24 - ###########This test case is finished##########
2023-04-29 14:38:57 INFO  Log:16 - **********
2023-04-29 14:38:57 INFO  Log:17 - **********
2023-04-29 14:38:57 INFO  Log:18 - *********This is the beginning of my Test Case********
2023-04-29 14:38:57 INFO  Log:28 - My test case is executing right now
2023-04-29 14:38:57 INFO  Log:31 - My test case might have some trivial issues
2023-04-29 14:38:58 INFO  Log:28 - This test case is about to get completed
2023-04-29 14:38:58 INFO  Log:22 - ########
2023-04-29 14:38:58 INFO  Log:23 - ##########
2023-04-29 14:38:58 INFO  Log:24 - ###########This test case is finished##########
2023-04-29 14:49:19 INFO  Log:16 - **********
2023-04-29 14:49:19 INFO  Log:17 - **********
2023-04-29 14:49:19 INFO  Log:18 - *********This is the beginning of my Test Case********
2023-04-29 14:49:19 INFO  Log:28 - My test case is executing right now
2023-04-29 14:49:19 INFO  Log:31 - My test case might have some trivial issues
2023-04-29 14:49:21 INFO  Log:28 - This test case is about to get completed
2023-04-29 14:49:21 INFO  Log:22 - ########
2023-04-29 14:49:21 INFO  Log:23 - ##########
2023-04-29 14:49:21 INFO  Log:24 - ###########This test case is finished##########
2023-04-29 14:50:21 INFO  Log:16 - **********
2023-04-29 14:50:21 INFO  Log:17 - **********
2023-04-29 14:50:21 INFO  Log:18 - *********This is the beginning of my Test Case********
2023-04-29 14:50:21 INFO  Log:28 - My test case is executing right now
2023-04-29 14:50:21 INFO  Log:31 - My test case might have some trivial issues
2023-04-29 14:50:28 INFO  Log:28 - This test case is about to get completed
2023-04-29 14:50:28 INFO  Log:22 - ########
2023-04-29 14:50:28 INFO  Log:23 - ##########
2023-04-29 14:50:28 INFO  Log:24 - ###########This test case is finished##########
